[NbConvertApp] Converting notebook scarlet_tutorial.ipynb to notebook
[NbConvertApp] Executing notebook with kernel: lsst
[NbConvertApp] ERROR | Error while converting 'scarlet_tutorial.ipynb'
Traceback (most recent call last):
  File "/opt/rh/rh-python36/root/usr/lib/python3.6/site-packages/nbconvert/nbconvertapp.py", line 393, in export_single_notebook
    output, resources = self.exporter.from_filename(notebook_filename, resources=resources)
  File "/opt/rh/rh-python36/root/usr/lib/python3.6/site-packages/nbconvert/exporters/exporter.py", line 174, in from_filename
    return self.from_file(f, resources=resources, **kw)
  File "/opt/rh/rh-python36/root/usr/lib/python3.6/site-packages/nbconvert/exporters/exporter.py", line 192, in from_file
    return self.from_notebook_node(nbformat.read(file_stream, as_version=4), resources=resources, **kw)
  File "/opt/rh/rh-python36/root/usr/lib/python3.6/site-packages/nbconvert/exporters/notebook.py", line 31, in from_notebook_node
    nb_copy, resources = super(NotebookExporter, self).from_notebook_node(nb, resources, **kw)
  File "/opt/rh/rh-python36/root/usr/lib/python3.6/site-packages/nbconvert/exporters/exporter.py", line 134, in from_notebook_node
    nb_copy, resources = self._preprocess(nb_copy, resources)
  File "/opt/rh/rh-python36/root/usr/lib/python3.6/site-packages/nbconvert/exporters/exporter.py", line 311, in _preprocess
    nbc, resc = preprocessor(nbc, resc)
  File "/opt/rh/rh-python36/root/usr/lib/python3.6/site-packages/nbconvert/preprocessors/base.py", line 47, in __call__
    return self.preprocess(nb, resources)
  File "/opt/rh/rh-python36/root/usr/lib/python3.6/site-packages/nbconvert/preprocessors/execute.py", line 262, in preprocess
    nb, resources = super(ExecutePreprocessor, self).preprocess(nb, resources)
  File "/opt/rh/rh-python36/root/usr/lib/python3.6/site-packages/nbconvert/preprocessors/base.py", line 69, in preprocess
    nb.cells[index], resources = self.preprocess_cell(cell, resources, index)
  File "/opt/rh/rh-python36/root/usr/lib/python3.6/site-packages/nbconvert/preprocessors/execute.py", line 286, in preprocess_cell
    raise CellExecutionError.from_cell_and_msg(cell, out)
nbconvert.preprocessors.execute.CellExecutionError: An error occurred while executing the following cell:
------------------
# Import the necessary libraries
import os

%matplotlib inline
import matplotlib
import matplotlib.pyplot as plt
# don't interpolate the pixels
matplotlib.rc('image', interpolation='none')

import numpy as np
import scarlet
import scarlet.display
------------------

[0;31m---------------------------------------------------------------------------[0m
[0;31mModuleNotFoundError[0m                       Traceback (most recent call last)
[0;32m<ipython-input-1-e1fa16230146>[0m in [0;36m<module>[0;34m()[0m
[1;32m      9[0m [0;34m[0m[0m
[1;32m     10[0m [0;32mimport[0m [0mnumpy[0m [0;32mas[0m [0mnp[0m[0;34m[0m[0m
[0;32m---> 11[0;31m [0;32mimport[0m [0mscarlet[0m[0;34m[0m[0m
[0m[1;32m     12[0m [0;32mimport[0m [0mscarlet[0m[0;34m.[0m[0mdisplay[0m[0;34m[0m[0m

[0;31mModuleNotFoundError[0m: No module named 'scarlet'
ModuleNotFoundError: No module named 'scarlet'

